<?xml version="1.0" encoding="UTF-8"?>
<!-- Generated by org.testng.reporters.JUnitXMLReporter -->
<testsuite ignored="0" hostname="LAPTOP-BBV4M2VF" failures="1" tests="1" name="Test" time="12.959" errors="0" timestamp="2020-04-18T01:46:49 IST">
  <testcase classname="testcases.LoginTest" name="testLogin" time="0.584">
    <failure type="java.lang.NullPointerException">
      <![CDATA[java.lang.NullPointerException
at pages.LoginPage.doLogin(LoginPage.java:36)
at testcases.LoginTest.testLogin(LoginTest.java:14)
at java.base/java.util.ArrayList.forEach(ArrayList.java:1540)
... Removed 31 stack frames]]>
    </failure>
  </testcase> <!-- testLogin -->
</testsuite> <!-- Test -->
