-------------------------------------------------------------------------------
Test set: TestSuite
-------------------------------------------------------------------------------
Tests run: 1, Failures: 1, Errors: 0, Skipped: 0, Time elapsed: 13.766 s <<< FAILURE! - in TestSuite
testLogin(testcases.LoginTest)  Time elapsed: 0.613 s  <<< FAILURE!
java.lang.NullPointerException
	at testcases.LoginTest.testLogin(LoginTest.java:14)

